-------------------------------------------------------------------------------
Test set: com.example.demo.SampleTest
-------------------------------------------------------------------------------
Tests run: 11, Failures: 1, Errors: 0, Skipped: 0, Time elapsed: 4.054 s <<< FAILURE! - in com.example.demo.SampleTest
testSelect  Time elapsed: 0.021 s  <<< FAILURE!
org.opentest4j.AssertionFailedError: expected: <5> but was: <9>
	at com.example.demo.SampleTest.testSelect(SampleTest.java:37)

