<?xml version="1.0" encoding="UTF-8"?>
<testsuite xmlns:xsi="http://www.w3.org/2001/XMLSchema-instance" xsi:noNamespaceSchemaLocation="https://maven.apache.org/surefire/maven-surefire-plugin/xsd/surefire-test-report.xsd" name="com.example.demo.SampleTest" time="4.054" tests="11" errors="0" skipped="0" failures="1">
  <properties>
[...]
</properties>
  <testcase name="delete" classname="com.example.demo.SampleTest" time="1.333"/>
  <testcase name="updateQeryWrapper" classname="com.example.demo.SampleTest" time="0.014"/>
  <testcase name="deleteByMap" classname="com.example.demo.SampleTest" time="0.008"/>
  <testcase name="updateById" classname="com.example.demo.SampleTest" time="0.005"/>
  <testcase name="updateWrapper" classname="com.example.demo.SampleTest" time="0.008"/>
  <testcase name="deleteBatchIds" classname="com.example.demo.SampleTest" time="0.006"/>
  <testcase name="selectID" classname="com.example.demo.SampleTest" time="0.047"/>
  <testcase name="testSelect" classname="com.example.demo.SampleTest" time="0.021">
    <failure message="expected: &lt;5&gt; but was: &lt;9&gt;" type="org.opentest4j.AssertionFailedError"><![CDATA[org.opentest4j.AssertionFailedError: expected: <5> but was: <9>
	at com.example.demo.SampleTest.testSelect(SampleTest.java:37)
]]></failure>
    <system-out><![CDATA[----- selectAll method test ------
]]></system-out>
    <system-err><![CDATA[Fri Aug 27 16:03:07 CST 2021 WARN: Establishing SSL connection without server's identity verification is not recommended. According to MySQL 5.5.45+, 5.6.26+ and 5.7.6+ requirements SSL connection must be established by default if explicit option isn't set. For compliance with existing applications not using SSL the verifyServerCertificate property is set to 'false'. You need either to explicitly disable SSL by setting useSSL=false, or set useSSL=true and provide truststore for server certificate verification.
]]></system-err>
  </testcase>
  <testcase name="deleteById" classname="com.example.demo.SampleTest" time="0.004"/>
  <testcase name="saveOne" classname="com.example.demo.SampleTest" time="0.012"/>
  <testcase name="testSelectPage" classname="com.example.demo.SampleTest" time="0.076"/>
</testsuite>